{"/Users/mrichard4/Documents/WORK/GITSPACE/vision/app.js":{"path":"/Users/mrichard4/Documents/WORK/GITSPACE/vision/app.js","s":{"1":1,"2":1,"3":1,"4":1,"5":1,"6":1,"7":1,"8":1,"9":1,"10":1,"11":1,"12":1,"13":1,"14":1},"b":{},"f":{"1":1},"fnMap":{"1":{"name":"(anonymous_1)","line":23,"loc":{"start":{"line":23,"column":29},"end":{"line":23,"column":40}}}},"statementMap":{"1":{"start":{"line":1,"column":0},"end":{"line":1,"column":35}},"2":{"start":{"line":2,"column":0},"end":{"line":2,"column":29}},"3":{"start":{"line":4,"column":0},"end":{"line":4,"column":31}},"4":{"start":{"line":6,"column":0},"end":{"line":6,"column":41}},"5":{"start":{"line":7,"column":0},"end":{"line":7,"column":48}},"6":{"start":{"line":8,"column":0},"end":{"line":8,"column":46}},"7":{"start":{"line":10,"column":0},"end":{"line":10,"column":20}},"8":{"start":{"line":13,"column":0},"end":{"line":13,"column":48}},"9":{"start":{"line":16,"column":0},"end":{"line":16,"column":70}},"10":{"start":{"line":19,"column":0},"end":{"line":19,"column":35}},"11":{"start":{"line":20,"column":0},"end":{"line":20,"column":26}},"12":{"start":{"line":23,"column":0},"end":{"line":25,"column":3}},"13":{"start":{"line":24,"column":1},"end":{"line":24,"column":68}},"14":{"start":{"line":27,"column":0},"end":{"line":27,"column":21}}},"branchMap":{}},"/Users/mrichard4/Documents/WORK/GITSPACE/vision/config/config.js":{"path":"/Users/mrichard4/Documents/WORK/GITSPACE/vision/config/config.js","s":{"1":1,"2":1,"3":1,"4":1,"5":1,"6":1,"7":1,"8":1,"9":6,"10":1},"b":{},"f":{"1":1,"2":6},"fnMap":{"1":{"name":"Config","line":4,"loc":{"start":{"line":4,"column":0},"end":{"line":4,"column":18}}},"2":{"name":"(anonymous_2)","line":11,"loc":{"start":{"line":11,"column":23},"end":{"line":11,"column":38}}}},"statementMap":{"1":{"start":{"line":1,"column":0},"end":{"line":1,"column":31}},"2":{"start":{"line":2,"column":0},"end":{"line":2,"column":29}},"3":{"start":{"line":4,"column":0},"end":{"line":9,"column":1}},"4":{"start":{"line":5,"column":1},"end":{"line":5,"column":23}},"5":{"start":{"line":6,"column":1},"end":{"line":6,"column":43}},"6":{"start":{"line":7,"column":1},"end":{"line":7,"column":88}},"7":{"start":{"line":8,"column":1},"end":{"line":8,"column":78}},"8":{"start":{"line":11,"column":0},"end":{"line":13,"column":2}},"9":{"start":{"line":12,"column":1},"end":{"line":12,"column":25}},"10":{"start":{"line":15,"column":0},"end":{"line":15,"column":30}}},"branchMap":{}},"/Users/mrichard4/Documents/WORK/GITSPACE/vision/routes/heartbeat.js":{"path":"/Users/mrichard4/Documents/WORK/GITSPACE/vision/routes/heartbeat.js","s":{"1":1,"2":1,"3":1,"4":1,"5":1},"b":{},"f":{"1":1},"fnMap":{"1":{"name":"(anonymous_1)","line":4,"loc":{"start":{"line":4,"column":17},"end":{"line":4,"column":36}}}},"statementMap":{"1":{"start":{"line":1,"column":0},"end":{"line":1,"column":35}},"2":{"start":{"line":2,"column":0},"end":{"line":2,"column":30}},"3":{"start":{"line":4,"column":0},"end":{"line":6,"column":3}},"4":{"start":{"line":5,"column":1},"end":{"line":5,"column":32}},"5":{"start":{"line":8,"column":0},"end":{"line":8,"column":24}}},"branchMap":{}},"/Users/mrichard4/Documents/WORK/GITSPACE/vision/routes/notFound.js":{"path":"/Users/mrichard4/Documents/WORK/GITSPACE/vision/routes/notFound.js","s":{"1":1,"2":1,"3":1,"4":1,"5":1,"6":1},"b":{},"f":{"1":1},"fnMap":{"1":{"name":"(anonymous_1)","line":6,"loc":{"start":{"line":6,"column":16},"end":{"line":6,"column":35}}}},"statementMap":{"1":{"start":{"line":1,"column":0},"end":{"line":1,"column":35}},"2":{"start":{"line":2,"column":0},"end":{"line":2,"column":36}},"3":{"start":{"line":4,"column":0},"end":{"line":4,"column":30}},"4":{"start":{"line":6,"column":0},"end":{"line":9,"column":2}},"5":{"start":{"line":7,"column":1},"end":{"line":7,"column":41}},"6":{"start":{"line":8,"column":1},"end":{"line":8,"column":40}}},"branchMap":{}},"/Users/mrichard4/Documents/WORK/GITSPACE/vision/logger/index.js":{"path":"/Users/mrichard4/Documents/WORK/GITSPACE/vision/logger/index.js","s":{"1":1,"2":1,"3":1,"4":1,"5":1},"b":{},"f":{"1":1},"fnMap":{"1":{"name":"Logger","line":5,"loc":{"start":{"line":5,"column":0},"end":{"line":5,"column":18}}}},"statementMap":{"1":{"start":{"line":1,"column":0},"end":{"line":1,"column":35}},"2":{"start":{"line":2,"column":0},"end":{"line":2,"column":43}},"3":{"start":{"line":5,"column":0},"end":{"line":12,"column":1}},"4":{"start":{"line":6,"column":1},"end":{"line":11,"column":4}},"5":{"start":{"line":14,"column":0},"end":{"line":14,"column":30}}},"branchMap":{}}}