{"/Users/mrichard4/Documents/WORK/GITSPACE/vision/app.js":{"path":"/Users/mrichard4/Documents/WORK/GITSPACE/vision/app.js","s":{"1":1,"2":1,"3":1,"4":1,"5":1,"6":0,"7":1,"8":0,"9":1},"b":{},"f":{"1":0,"2":0},"fnMap":{"1":{"name":"(anonymous_1)","line":10,"loc":{"start":{"line":10,"column":6},"end":{"line":10,"column":26}}},"2":{"name":"(anonymous_2)","line":15,"loc":{"start":{"line":15,"column":29},"end":{"line":15,"column":40}}}},"statementMap":{"1":{"start":{"line":1,"column":0},"end":{"line":1,"column":35}},"2":{"start":{"line":2,"column":0},"end":{"line":2,"column":29}},"3":{"start":{"line":3,"column":0},"end":{"line":3,"column":20}},"4":{"start":{"line":6,"column":0},"end":{"line":6,"column":24}},"5":{"start":{"line":9,"column":0},"end":{"line":12,"column":3}},"6":{"start":{"line":11,"column":1},"end":{"line":11,"column":32}},"7":{"start":{"line":15,"column":0},"end":{"line":17,"column":3}},"8":{"start":{"line":16,"column":1},"end":{"line":16,"column":68}},"9":{"start":{"line":19,"column":0},"end":{"line":19,"column":21}}},"branchMap":{}}}