TN:
SF:/Users/mrichard4/Documents/WORK/GITSPACE/vision/app.js
FN:23,(anonymous_1)
FNF:1
FNH:1
FNDA:1,(anonymous_1)
DA:1,1
DA:2,1
DA:4,1
DA:6,1
DA:7,1
DA:8,1
DA:10,1
DA:13,1
DA:16,1
DA:19,1
DA:20,1
DA:23,1
DA:24,1
DA:27,1
LF:14
LH:14
BRF:0
BRH:0
end_of_record
TN:
SF:/Users/mrichard4/Documents/WORK/GITSPACE/vision/config/config.js
FN:4,Config
FN:11,(anonymous_2)
FNF:2
FNH:2
FNDA:1,Config
FNDA:6,(anonymous_2)
DA:1,1
DA:2,1
DA:4,1
DA:5,1
DA:6,1
DA:7,1
DA:8,1
DA:11,1
DA:12,6
DA:15,1
LF:10
LH:10
BRF:0
BRH:0
end_of_record
TN:
SF:/Users/mrichard4/Documents/WORK/GITSPACE/vision/routes/heartbeat.js
FN:4,(anonymous_1)
FNF:1
FNH:1
FNDA:1,(anonymous_1)
DA:1,1
DA:2,1
DA:4,1
DA:5,1
DA:8,1
LF:5
LH:5
BRF:0
BRH:0
end_of_record
TN:
SF:/Users/mrichard4/Documents/WORK/GITSPACE/vision/routes/notFound.js
FN:6,(anonymous_1)
FNF:1
FNH:1
FNDA:1,(anonymous_1)
DA:1,1
DA:2,1
DA:4,1
DA:6,1
DA:7,1
DA:8,1
LF:6
LH:6
BRF:0
BRH:0
end_of_record
TN:
SF:/Users/mrichard4/Documents/WORK/GITSPACE/vision/logger/index.js
FN:5,Logger
FNF:1
FNH:1
FNDA:1,Logger
DA:1,1
DA:2,1
DA:5,1
DA:6,1
DA:14,1
LF:5
LH:5
BRF:0
BRH:0
end_of_record
